C:\USERS\LILI\DESKTOP\MATRIX\MATRIX\DEBUG\SOURCE.OBJ
C:\USERS\LILI\DESKTOP\MATRIX\MATRIX\DEBUG\VC110.PDB
C:\USERS\LILI\DESKTOP\MATRIX\DEBUG\MATRIX.ILK
C:\USERS\LILI\DESKTOP\MATRIX\DEBUG\MATRIX.EXE
C:\USERS\LILI\DESKTOP\MATRIX\DEBUG\MATRIX.PDB
C:\Users\lili\Desktop\Matrix\Matrix\Debug\Source.obj
C:\Users\lili\Desktop\Matrix\Matrix\Debug\cl.command.1.tlog
C:\Users\lili\Desktop\Matrix\Matrix\Debug\CL.read.1.tlog
C:\Users\lili\Desktop\Matrix\Matrix\Debug\CL.write.1.tlog
C:\Users\lili\Desktop\Matrix\Matrix\Debug\link-cvtres.read.1.tlog
C:\Users\lili\Desktop\Matrix\Matrix\Debug\link-cvtres.write.1.tlog
C:\Users\lili\Desktop\Matrix\Matrix\Debug\link-rc.read.1.tlog
C:\Users\lili\Desktop\Matrix\Matrix\Debug\link-rc.write.1.tlog
C:\Users\lili\Desktop\Matrix\Matrix\Debug\link.command.1.tlog
C:\Users\lili\Desktop\Matrix\Matrix\Debug\link.read.1.tlog
C:\Users\lili\Desktop\Matrix\Matrix\Debug\link.write.1.tlog
C:\Users\lili\Desktop\Matrix\Matrix\Debug\vc110.idb
C:\Users\lili\Desktop\Matrix\Matrix\Debug\vc110.pdb
C:\Users\lili\Desktop\Matrix\Debug\Matrix.pdb
C:\Users\lili\Desktop\Matrix\Debug\Matrix.exe
C:\Users\lili\Desktop\Matrix\Debug\Matrix.ilk
