C:\USERS\LILI\DESKTOP\MATRIX\MATRIXDLL\DEBUG\MATRIXDLL.PCH
C:\USERS\LILI\DESKTOP\MATRIX\MATRIXDLL\DEBUG\STDAFX.OBJ
C:\USERS\LILI\DESKTOP\MATRIX\MATRIXDLL\DEBUG\VC110.PDB
C:\USERS\LILI\DESKTOP\MATRIX\MATRIXDLL\DEBUG\DLL.OBJ
C:\USERS\LILI\DESKTOP\MATRIX\DEBUG\MATRIXDLL.ILK
C:\USERS\LILI\DESKTOP\MATRIX\DEBUG\MATRIXDLL.DLL
C:\USERS\LILI\DESKTOP\MATRIX\DEBUG\MATRIXDLL.PDB
C:\Users\lili\Desktop\Matrix\Debug\MatrixDll.lib
C:\Users\lili\Desktop\Matrix\Debug\MatrixDll.exp
C:\Users\lili\Desktop\Matrix\MatrixDll\Debug\dll.obj
C:\Users\lili\Desktop\Matrix\MatrixDll\Debug\stdafx.obj
C:\Users\lili\Desktop\Matrix\MatrixDll\Debug\cl.command.1.tlog
C:\Users\lili\Desktop\Matrix\MatrixDll\Debug\CL.read.1.tlog
C:\Users\lili\Desktop\Matrix\MatrixDll\Debug\CL.write.1.tlog
C:\Users\lili\Desktop\Matrix\MatrixDll\Debug\link-cvtres.read.1.tlog
C:\Users\lili\Desktop\Matrix\MatrixDll\Debug\link-cvtres.write.1.tlog
C:\Users\lili\Desktop\Matrix\MatrixDll\Debug\link-rc.read.1.tlog
C:\Users\lili\Desktop\Matrix\MatrixDll\Debug\link-rc.write.1.tlog
C:\Users\lili\Desktop\Matrix\MatrixDll\Debug\link.command.1.tlog
C:\Users\lili\Desktop\Matrix\MatrixDll\Debug\link.read.1.tlog
C:\Users\lili\Desktop\Matrix\MatrixDll\Debug\link.write.1.tlog
C:\Users\lili\Desktop\Matrix\MatrixDll\Debug\MatrixDll.write.1.tlog
C:\Users\lili\Desktop\Matrix\MatrixDll\Debug\MatrixDll.pch
C:\Users\lili\Desktop\Matrix\MatrixDll\Debug\vc110.idb
C:\Users\lili\Desktop\Matrix\MatrixDll\Debug\vc110.pdb
C:\Users\lili\Desktop\Matrix\Debug\MatrixDll.pdb
C:\Users\lili\Desktop\Matrix\Debug\MatrixDll.dll
C:\Users\lili\Desktop\Matrix\Debug\MatrixDll.ilk
